\BOOKMARK [1][-]{section.1}{Overview}{}% 1
\BOOKMARK [1][-]{section.2}{Casper4 solution}{}% 2
\BOOKMARK [2][-]{subsection.2.1}{Description}{section.2}% 3
\BOOKMARK [2][-]{subsection.2.2}{Vulnerability}{section.2}% 4
\BOOKMARK [2][-]{subsection.2.3}{Exploit description}{section.2}% 5
\BOOKMARK [2][-]{subsection.2.4}{Mitigation}{section.2}% 6
\BOOKMARK [2][-]{subsection.2.5}{Advanced level casper41}{section.2}% 7
\BOOKMARK [2][-]{subsection.2.6}{Advanced level casper40}{section.2}% 8
\BOOKMARK [2][-]{subsection.2.7}{Advanced level casper42}{section.2}% 9
\BOOKMARK [1][-]{section.3}{casper5}{}% 10
\BOOKMARK [2][-]{subsection.3.1}{Description}{section.3}% 11
\BOOKMARK [2][-]{subsection.3.2}{Vulnerability}{section.3}% 12
\BOOKMARK [2][-]{subsection.3.3}{Exploit description}{section.3}% 13
\BOOKMARK [2][-]{subsection.3.4}{Mitigation}{section.3}% 14
\BOOKMARK [2][-]{subsection.3.5}{Advanced level casper51}{section.3}% 15
\BOOKMARK [2][-]{subsection.3.6}{Advanced level casper50}{section.3}% 16
\BOOKMARK [2][-]{subsection.3.7}{Advanced level casper52}{section.3}% 17
\BOOKMARK [1][-]{section.4}{casper6}{}% 18
\BOOKMARK [2][-]{subsection.4.1}{Description}{section.4}% 19
\BOOKMARK [2][-]{subsection.4.2}{Vulnerability}{section.4}% 20
\BOOKMARK [2][-]{subsection.4.3}{Exploit description}{section.4}% 21
\BOOKMARK [2][-]{subsection.4.4}{Mitigation}{section.4}% 22
\BOOKMARK [2][-]{subsection.4.5}{Advanced level casper61}{section.4}% 23
\BOOKMARK [2][-]{subsection.4.6}{Advanced level casper60}{section.4}% 24
\BOOKMARK [2][-]{subsection.4.7}{Advanced level casper62}{section.4}% 25
\BOOKMARK [1][-]{section.5}{casper7}{}% 26
\BOOKMARK [2][-]{subsection.5.1}{Description}{section.5}% 27
\BOOKMARK [2][-]{subsection.5.2}{Vulnerability}{section.5}% 28
\BOOKMARK [2][-]{subsection.5.3}{Exploit description}{section.5}% 29
\BOOKMARK [2][-]{subsection.5.4}{Mitigation}{section.5}% 30
\BOOKMARK [2][-]{subsection.5.5}{Advanced level casper71}{section.5}% 31
\BOOKMARK [2][-]{subsection.5.6}{Advanced level casper70}{section.5}% 32
\BOOKMARK [2][-]{subsection.5.7}{Advanced level casper72}{section.5}% 33
\BOOKMARK [1][-]{section.6}{casper8}{}% 34
\BOOKMARK [2][-]{subsection.6.1}{Description}{section.6}% 35
\BOOKMARK [2][-]{subsection.6.2}{Vulnerability}{section.6}% 36
\BOOKMARK [2][-]{subsection.6.3}{Exploit description}{section.6}% 37
\BOOKMARK [2][-]{subsection.6.4}{Mitigation}{section.6}% 38
\BOOKMARK [2][-]{subsection.6.5}{Advanced level casper81}{section.6}% 39
\BOOKMARK [2][-]{subsection.6.6}{Advanced level casper80}{section.6}% 40
\BOOKMARK [2][-]{subsection.6.7}{Advanced level casper82}{section.6}% 41
\BOOKMARK [1][-]{section.7}{casper10}{}% 42
\BOOKMARK [2][-]{subsection.7.1}{Description}{section.7}% 43
\BOOKMARK [2][-]{subsection.7.2}{Vulnerability}{section.7}% 44
\BOOKMARK [2][-]{subsection.7.3}{Exploit description}{section.7}% 45
\BOOKMARK [2][-]{subsection.7.4}{Mitigation}{section.7}% 46
\BOOKMARK [1][-]{section.8}{Notes}{}% 47
